<?xml version="1.0" encoding="UTF-8"?>
<!-- Generated by org.testng.reporters.JUnitXMLReporter -->
<testsuite ignored="1" hostname="WKWZTmXt4QWTjFj" failures="0" tests="22" name="Test" time="31.913" errors="0" timestamp="2022-11-24T09:02:05 IST">
  <testcase classname="testNGPractice.FirstTestNGTestTest" name="createAccount" time="0.002"/>
  <testcase classname="testNGPractice.FirstTestNGTestTest" name="deleteAccount" time="0.0"/>
  <testcase classname="testNGPractice.FirstTestNGTestTest" name="logout" time="0.0"/>
  <testcase classname="testNGPractice.FirstTestNGTestTest" name="login" time="0.0"/>
  <testcase classname="testNGPractice.AssertDemo2Test" name="test1" time="0.002"/>
  <testcase classname="testNGPractice.AssertDemo2Test" name="test2" time="0.001"/>
  <testcase classname="testNGPractice.AssertionDemoTest" name="test1" time="0.0"/>
  <testcase classname="testNGPractice.AssertionDemoTest" name="test2" time="0.001"/>
  <testcase classname="testNGPractice.AssertionDemoTest" name="test3" time="0.0"/>
  <testcase classname="testNGPractice.AssertionDemoTest" name="test4" time="0.002"/>
  <testcase classname="testNGPractice.MYFirstSeleniumScript3Test" name="test11" time="3.21"/>
  <testcase classname="testNGPractice.SmokeTestTest" name="BlankLogin" time="0.173"/>
  <testcase classname="testNGPractice.SmokeTestTest" name="BlankPassword" time="0.265"/>
  <testcase classname="testNGPractice.MyFirstSeleniumScript4Test" name="test4" time="6.402"/>
  <testcase classname="testNGPractice.day1AssignmentTest" name="test" time="9.9"/>
  <testcase classname="testNGPractice.MyFirstSeleniumScriptTest" name="test5" time="4.671"/>
  <testcase classname="testNGPractice.SmokeTestTest" name="InavlidCredentials" time="1.482"/>
  <testcase classname="testNGPractice.HandleAutoSuggestionsTest" name="test6" time="8.714"/>
  <testcase classname="testNGPractice.LoginCategoryTest" name="test7" time="7.139"/>
  <testcase classname="testNGPractice.SmokeTestTest" name="ValidCredentials" time="4.184"/>
  <testcase classname="testNGPractice.SmokeTestTest" name="verifyTitle" time="0.0"/>
  <testcase classname="testNGPractice.SmokeTestTest" name="verifyURL" time="0.003"/>
  <testcase classname="testNGPractice.SmokeTestTest" name="verifySocialMediaAccount" time="0.0">
    <ignored/>
  </testcase> <!-- verifySocialMediaAccount -->
</testsuite> <!-- Test -->
