<?xml version="1.0" encoding="UTF-8"?>
<testng-results ignored="0" total="1" passed="1" failed="0" skipped="0">
  <reporter-output>
  </reporter-output>
  <suite started-at="2022-11-24T21:36:29 IST" name="Default suite" finished-at="2022-11-24T21:36:45 IST" duration-ms="15574">
    <groups>
    </groups>
    <test started-at="2022-11-24T21:36:29 IST" name="Default test" finished-at="2022-11-24T21:36:45 IST" duration-ms="15574">
      <class name="day5.HandleShadowDom">
        <test-method signature="testInHeadlessMode()[pri:0, instance:day5.HandleShadowDom@581ac8a8]" started-at="2022-11-24T21:36:30 IST" name="testInHeadlessMode" finished-at="2022-11-24T21:36:45 IST" duration-ms="15537" status="PASS">
          <reporter-output>
          </reporter-output>
        </test-method> <!-- testInHeadlessMode -->
      </class> <!-- day5.HandleShadowDom -->
    </test> <!-- Default test -->
  </suite> <!-- Default suite -->
</testng-results>
